2025-06-23 08:30:21,054 - task1_notebook - INFO - Task 1 notebook logging initialized
2025-06-23 08:30:21,182 - task1_notebook - INFO - Starting Telegram data scraping
2025-06-23 08:30:21,278 - task1_notebook - ERROR - Error during scraping: [Errno 2] No such file or directory: 'c:\\Users\\hp\\OneDrive\\Documents\\programs\\projects\\Amharic-E-commerce-NER\\notebooks\\logs\\scraping.log'
2025-06-23 08:30:21,352 - task1_notebook - INFO - Starting data unification and preprocessing
2025-06-23 08:30:21,356 - task1_notebook - ERROR - Error during data unification: name 'AmharicTextProcessor' is not defined
2025-06-23 08:30:21,464 - task1_notebook - INFO - Task 1 notebook execution completed
2025-06-23 08:31:12,097 - task1_notebook - INFO - Starting Telegram data scraping
2025-06-23 08:31:17,690 - task1_notebook - ERROR - Error during scraping: database is locked
2025-06-23 08:33:15,259 - task1_notebook - INFO - Task 1 notebook logging initialized
2025-06-23 08:33:15,374 - task1_notebook - INFO - Starting Telegram data scraping
2025-06-23 08:33:15,433 - task1_notebook - ERROR - Error during scraping: [Errno 2] No such file or directory: 'c:\\Users\\hp\\OneDrive\\Documents\\programs\\projects\\Amharic-E-commerce-NER\\notebooks\\logs\\scraping.log'
2025-06-23 08:33:15,491 - task1_notebook - INFO - Starting data unification and preprocessing
2025-06-23 08:33:15,494 - task1_notebook - ERROR - Error during data unification: name 'AmharicTextProcessor' is not defined
2025-06-23 08:33:15,604 - task1_notebook - INFO - Task 1 notebook execution completed
2025-06-23 08:33:47,459 - task1_notebook - INFO - Task 1 notebook logging initialized
2025-06-23 08:33:47,563 - task1_notebook - INFO - Starting Telegram data scraping
2025-06-23 08:33:53,191 - task1_notebook - ERROR - Error during scraping: database is locked
2025-06-23 08:33:53,258 - task1_notebook - INFO - Starting data unification and preprocessing
2025-06-23 08:33:53,263 - task1_notebook - ERROR - Error during data unification: name 'AmharicTextProcessor' is not defined
2025-06-23 08:33:53,370 - task1_notebook - INFO - Task 1 notebook execution completed
2025-06-23 08:35:42,807 - task1_notebook - INFO - Task 1 notebook logging initialized
2025-06-23 08:35:42,912 - task1_notebook - INFO - Starting Telegram data scraping
2025-06-23 08:35:42,991 - task1_notebook - ERROR - Error during scraping: [Errno 2] No such file or directory: 'c:\\Users\\hp\\OneDrive\\Documents\\programs\\projects\\Amharic-E-commerce-NER\\notebooks\\logs\\scraping.log'
2025-06-23 08:35:43,054 - task1_notebook - INFO - Starting data unification and preprocessing
2025-06-23 08:35:43,059 - task1_notebook - ERROR - Error during data unification: name 'AmharicTextProcessor' is not defined
2025-06-23 08:35:43,149 - task1_notebook - INFO - Task 1 notebook execution completed
2025-06-23 08:36:21,774 - task1_notebook - INFO - Starting Telegram data scraping
2025-06-23 08:36:27,389 - task1_notebook - ERROR - Error during scraping: database is locked
2025-06-23 08:37:20,611 - task1_notebook - INFO - Task 1 notebook logging initialized
2025-06-23 08:37:20,790 - task1_notebook - INFO - Starting Telegram data scraping
2025-06-23 08:37:20,881 - task1_notebook - ERROR - Error during scraping: [Errno 2] No such file or directory: 'c:\\Users\\hp\\OneDrive\\Documents\\programs\\projects\\Amharic-E-commerce-NER\\notebooks\\logs\\scraping.log'
2025-06-23 08:37:20,943 - task1_notebook - INFO - Starting data unification and preprocessing
2025-06-23 08:37:20,947 - task1_notebook - ERROR - Error during data unification: name 'AmharicTextProcessor' is not defined
2025-06-23 08:37:21,047 - task1_notebook - INFO - Task 1 notebook execution completed
2025-06-23 08:38:34,414 - task1_notebook - INFO - Starting Telegram data scraping
2025-06-23 08:38:40,007 - task1_notebook - ERROR - Error during scraping: database is locked
2025-06-23 08:39:03,496 - task1_notebook - INFO - Task 1 notebook logging initialized
2025-06-23 08:39:03,597 - task1_notebook - INFO - Starting Telegram data scraping
2025-06-23 08:39:03,671 - telethon.network.mtprotosender - INFO - Connecting to 149.154.167.51:443/TcpFull...
2025-06-23 08:39:05,327 - telethon.network.mtprotosender - INFO - Connection to 149.154.167.51:443/TcpFull complete!
2025-06-23 19:15:26,161 - task1_notebook - INFO - Task 1 notebook logging initialized
2025-06-23 19:15:59,579 - task1_notebook - INFO - Starting data unification and preprocessing
2025-06-23 19:15:59,584 - task1_notebook - ERROR - Error during data unification: name 'AmharicTextProcessor' is not defined
2025-06-23 19:20:31,708 - task1_notebook - INFO - Starting data unification and preprocessing
2025-06-23 19:20:31,713 - task1_notebook - ERROR - Error during data unification: name 'AmharicTextProcessor' is not defined
2025-06-23 19:20:34,487 - task1_notebook - INFO - Starting data unification and preprocessing
2025-06-23 19:20:34,491 - task1_notebook - ERROR - Error during data unification: name 'AmharicTextProcessor' is not defined
2025-06-23 19:40:01,103 - task1_notebook - INFO - Task 1 notebook logging initialized
2025-06-23 19:40:28,559 - task1_notebook - INFO - Starting Telegram data scraping
2025-06-23 19:40:28,584 - telethon.network.mtprotosender - INFO - Connecting to 149.154.167.51:443/TcpFull...
2025-06-23 19:40:28,730 - telethon.network.mtprotosender - INFO - Connection to 149.154.167.51:443/TcpFull complete!
2025-06-23 20:29:02,550 - task1_notebook - INFO - Task 1 notebook logging initialized
2025-06-23 20:29:18,056 - task1_notebook - INFO - Starting data unification and preprocessing
2025-06-23 20:29:18,063 - data_unifier - INFO - Loaded 66 messages from @marakisat2
2025-06-23 20:29:18,070 - data_unifier - INFO - Loaded 14 messages from aradabrand2
2025-06-23 20:29:18,083 - data_unifier - INFO - Loaded 590 messages from AwasMart
2025-06-23 20:29:18,087 - data_unifier - INFO - Loaded 55 messages from belaclassic
2025-06-23 20:29:18,092 - data_unifier - INFO - Loaded 65 messages from classybrands
2025-06-23 20:29:18,096 - data_unifier - INFO - Loaded 57 messages from ethio_brand_collection
2025-06-23 20:29:18,102 - data_unifier - INFO - Loaded 35 messages from Fashiontera
2025-06-23 20:29:18,111 - data_unifier - INFO - Loaded 273 messages from forfreemarket
2025-06-23 20:29:18,115 - data_unifier - INFO - Loaded 31 messages from gebeyaadama
2025-06-23 20:29:18,118 - data_unifier - INFO - Loaded 12 messages from helloomarketethiopia
2025-06-23 20:29:18,121 - data_unifier - INFO - Loaded 8 messages from kuruwear
2025-06-23 20:29:18,136 - data_unifier - INFO - Loaded 366 messages from Leyueqa
2025-06-23 20:29:18,145 - data_unifier - INFO - Loaded 146 messages from marakibrand
2025-06-23 20:29:18,151 - data_unifier - INFO - Loaded 49 messages from meneshayeofficial
2025-06-23 20:29:18,168 - data_unifier - INFO - Loaded 503 messages from modernshoppingcenter
2025-06-23 20:29:18,173 - data_unifier - INFO - Loaded 22 messages from nevacomputer
2025-06-23 20:29:18,183 - data_unifier - INFO - Loaded 125 messages from qnashcom
2025-06-23 20:29:18,188 - data_unifier - INFO - Loaded 63 messages from Shewabrand
2025-06-23 20:29:18,201 - data_unifier - INFO - Loaded 422 messages from ZemenExpress
2025-06-23 20:29:18,225 - data_unifier - INFO - Combined dataset contains 2902 total messages
2025-06-23 20:29:19,911 - data_unifier - INFO - After preprocessing: 1403 messages remain
2025-06-23 20:29:20,432 - data_unifier - INFO - Processed data saved to data\processed
2025-06-23 20:30:41,013 - task1_notebook - INFO - Starting data unification and preprocessing
2025-06-23 20:30:41,020 - data_unifier - INFO - Loaded 66 messages from @marakisat2
2025-06-23 20:30:41,025 - data_unifier - INFO - Loaded 14 messages from aradabrand2
2025-06-23 20:30:41,049 - data_unifier - INFO - Loaded 590 messages from AwasMart
2025-06-23 20:30:41,056 - data_unifier - INFO - Loaded 55 messages from belaclassic
2025-06-23 20:30:41,063 - data_unifier - INFO - Loaded 65 messages from classybrands
2025-06-23 20:30:41,069 - data_unifier - INFO - Loaded 57 messages from ethio_brand_collection
2025-06-23 20:30:41,074 - data_unifier - INFO - Loaded 35 messages from Fashiontera
2025-06-23 20:30:41,087 - data_unifier - INFO - Loaded 273 messages from forfreemarket
2025-06-23 20:30:41,091 - data_unifier - INFO - Loaded 31 messages from gebeyaadama
2025-06-23 20:30:41,095 - data_unifier - INFO - Loaded 12 messages from helloomarketethiopia
2025-06-23 20:30:41,098 - data_unifier - INFO - Loaded 8 messages from kuruwear
2025-06-23 20:30:41,113 - data_unifier - INFO - Loaded 366 messages from Leyueqa
2025-06-23 20:30:41,120 - data_unifier - INFO - Loaded 146 messages from marakibrand
2025-06-23 20:30:41,124 - data_unifier - INFO - Loaded 49 messages from meneshayeofficial
2025-06-23 20:30:41,144 - data_unifier - INFO - Loaded 503 messages from modernshoppingcenter
2025-06-23 20:30:41,149 - data_unifier - INFO - Loaded 22 messages from nevacomputer
2025-06-23 20:30:41,158 - data_unifier - INFO - Loaded 125 messages from qnashcom
2025-06-23 20:30:41,163 - data_unifier - INFO - Loaded 63 messages from Shewabrand
2025-06-23 20:30:41,180 - data_unifier - INFO - Loaded 422 messages from ZemenExpress
2025-06-23 20:30:41,208 - data_unifier - INFO - Combined dataset contains 2902 total messages
2025-06-23 20:30:43,470 - data_unifier - INFO - After preprocessing: 1403 messages remain
2025-06-23 20:30:44,225 - data_unifier - INFO - Processed data saved to data\processed
2025-06-23 20:34:52,779 - task1_notebook - INFO - Starting data unification and preprocessing
2025-06-23 20:34:52,788 - data_unifier - INFO - Loaded 66 messages from @marakisat2
2025-06-23 20:34:52,792 - data_unifier - INFO - Loaded 14 messages from aradabrand2
2025-06-23 20:34:52,810 - data_unifier - INFO - Loaded 590 messages from AwasMart
2025-06-23 20:34:52,817 - data_unifier - INFO - Loaded 55 messages from belaclassic
2025-06-23 20:34:52,822 - data_unifier - INFO - Loaded 65 messages from classybrands
2025-06-23 20:34:52,827 - data_unifier - INFO - Loaded 57 messages from ethio_brand_collection
2025-06-23 20:34:52,831 - data_unifier - INFO - Loaded 35 messages from Fashiontera
2025-06-23 20:34:52,840 - data_unifier - INFO - Loaded 273 messages from forfreemarket
2025-06-23 20:34:52,846 - data_unifier - INFO - Loaded 31 messages from gebeyaadama
2025-06-23 20:34:52,849 - data_unifier - INFO - Loaded 12 messages from helloomarketethiopia
2025-06-23 20:34:52,851 - data_unifier - INFO - Loaded 8 messages from kuruwear
2025-06-23 20:34:52,866 - data_unifier - INFO - Loaded 366 messages from Leyueqa
2025-06-23 20:34:52,872 - data_unifier - INFO - Loaded 146 messages from marakibrand
2025-06-23 20:34:52,875 - data_unifier - INFO - Loaded 49 messages from meneshayeofficial
2025-06-23 20:34:52,895 - data_unifier - INFO - Loaded 503 messages from modernshoppingcenter
2025-06-23 20:34:52,898 - data_unifier - INFO - Loaded 22 messages from nevacomputer
2025-06-23 20:34:52,907 - data_unifier - INFO - Loaded 125 messages from qnashcom
2025-06-23 20:34:52,912 - data_unifier - INFO - Loaded 63 messages from Shewabrand
2025-06-23 20:34:52,923 - data_unifier - INFO - Loaded 422 messages from ZemenExpress
2025-06-23 20:34:52,947 - data_unifier - INFO - Combined dataset contains 2902 total messages
2025-06-23 20:34:54,261 - data_unifier - INFO - After preprocessing: 1403 messages remain
2025-06-23 20:34:54,656 - data_unifier - INFO - Processed data saved to data\processed
2025-06-23 20:35:11,070 - task1_notebook - INFO - Starting data unification and preprocessing
2025-06-23 20:35:11,082 - data_unifier - INFO - Loaded 66 messages from @marakisat2
2025-06-23 20:35:11,085 - data_unifier - INFO - Loaded 14 messages from aradabrand2
2025-06-23 20:35:11,107 - data_unifier - INFO - Loaded 590 messages from AwasMart
2025-06-23 20:35:11,114 - data_unifier - INFO - Loaded 55 messages from belaclassic
2025-06-23 20:35:11,121 - data_unifier - INFO - Loaded 65 messages from classybrands
2025-06-23 20:35:11,129 - data_unifier - INFO - Loaded 57 messages from ethio_brand_collection
2025-06-23 20:35:11,133 - data_unifier - INFO - Loaded 35 messages from Fashiontera
2025-06-23 20:35:11,147 - data_unifier - INFO - Loaded 273 messages from forfreemarket
2025-06-23 20:35:11,152 - data_unifier - INFO - Loaded 31 messages from gebeyaadama
2025-06-23 20:35:11,157 - data_unifier - INFO - Loaded 12 messages from helloomarketethiopia
2025-06-23 20:35:11,163 - data_unifier - INFO - Loaded 8 messages from kuruwear
2025-06-23 20:35:11,183 - data_unifier - INFO - Loaded 366 messages from Leyueqa
2025-06-23 20:35:11,194 - data_unifier - INFO - Loaded 146 messages from marakibrand
2025-06-23 20:35:11,199 - data_unifier - INFO - Loaded 49 messages from meneshayeofficial
2025-06-23 20:35:11,226 - data_unifier - INFO - Loaded 503 messages from modernshoppingcenter
2025-06-23 20:35:11,231 - data_unifier - INFO - Loaded 22 messages from nevacomputer
2025-06-23 20:35:11,243 - data_unifier - INFO - Loaded 125 messages from qnashcom
2025-06-23 20:35:11,250 - data_unifier - INFO - Loaded 63 messages from Shewabrand
2025-06-23 20:35:11,270 - data_unifier - INFO - Loaded 422 messages from ZemenExpress
2025-06-23 20:35:11,319 - data_unifier - INFO - Combined dataset contains 2902 total messages
2025-06-23 20:35:13,025 - data_unifier - INFO - After preprocessing: 1403 messages remain
2025-06-23 20:35:13,411 - data_unifier - INFO - Processed data saved to data\processed
2025-06-23 20:37:41,407 - task1_notebook - INFO - Starting data unification and preprocessing
2025-06-23 20:37:41,415 - data_unifier - INFO - Loaded 66 messages from @marakisat2
2025-06-23 20:37:41,421 - data_unifier - INFO - Loaded 14 messages from aradabrand2
2025-06-23 20:37:41,441 - data_unifier - INFO - Loaded 590 messages from AwasMart
2025-06-23 20:37:41,446 - data_unifier - INFO - Loaded 55 messages from belaclassic
2025-06-23 20:37:41,450 - data_unifier - INFO - Loaded 65 messages from classybrands
2025-06-23 20:37:41,457 - data_unifier - INFO - Loaded 57 messages from ethio_brand_collection
2025-06-23 20:37:41,464 - data_unifier - INFO - Loaded 35 messages from Fashiontera
2025-06-23 20:37:41,484 - data_unifier - INFO - Loaded 273 messages from forfreemarket
2025-06-23 20:37:41,492 - data_unifier - INFO - Loaded 31 messages from gebeyaadama
2025-06-23 20:37:41,497 - data_unifier - INFO - Loaded 12 messages from helloomarketethiopia
2025-06-23 20:37:41,501 - data_unifier - INFO - Loaded 8 messages from kuruwear
2025-06-23 20:37:41,519 - data_unifier - INFO - Loaded 366 messages from Leyueqa
2025-06-23 20:37:41,525 - data_unifier - INFO - Loaded 146 messages from marakibrand
2025-06-23 20:37:41,533 - data_unifier - INFO - Loaded 49 messages from meneshayeofficial
2025-06-23 20:37:41,557 - data_unifier - INFO - Loaded 503 messages from modernshoppingcenter
2025-06-23 20:37:41,564 - data_unifier - INFO - Loaded 22 messages from nevacomputer
2025-06-23 20:37:41,575 - data_unifier - INFO - Loaded 125 messages from qnashcom
2025-06-23 20:37:41,583 - data_unifier - INFO - Loaded 63 messages from Shewabrand
2025-06-23 20:37:41,605 - data_unifier - INFO - Loaded 422 messages from ZemenExpress
2025-06-23 20:37:41,653 - data_unifier - INFO - Combined dataset contains 2902 total messages
2025-06-23 20:37:43,410 - data_unifier - INFO - After preprocessing: 1403 messages remain
2025-06-23 20:37:43,880 - data_unifier - INFO - Processed data saved to data\processed
2025-06-23 20:40:14,360 - task1_notebook - INFO - Starting data unification and preprocessing
2025-06-23 20:40:14,368 - data_unifier - INFO - Loaded 66 messages from @marakisat2
2025-06-23 20:40:14,372 - data_unifier - INFO - Loaded 14 messages from aradabrand2
2025-06-23 20:40:14,386 - data_unifier - INFO - Loaded 590 messages from AwasMart
2025-06-23 20:40:14,389 - data_unifier - INFO - Loaded 55 messages from belaclassic
2025-06-23 20:40:14,394 - data_unifier - INFO - Loaded 65 messages from classybrands
2025-06-23 20:40:14,399 - data_unifier - INFO - Loaded 57 messages from ethio_brand_collection
2025-06-23 20:40:14,405 - data_unifier - INFO - Loaded 35 messages from Fashiontera
2025-06-23 20:40:14,414 - data_unifier - INFO - Loaded 273 messages from forfreemarket
2025-06-23 20:40:14,420 - data_unifier - INFO - Loaded 31 messages from gebeyaadama
2025-06-23 20:40:14,423 - data_unifier - INFO - Loaded 12 messages from helloomarketethiopia
2025-06-23 20:40:14,427 - data_unifier - INFO - Loaded 8 messages from kuruwear
2025-06-23 20:40:14,441 - data_unifier - INFO - Loaded 366 messages from Leyueqa
2025-06-23 20:40:14,448 - data_unifier - INFO - Loaded 146 messages from marakibrand
2025-06-23 20:40:14,454 - data_unifier - INFO - Loaded 49 messages from meneshayeofficial
2025-06-23 20:40:14,474 - data_unifier - INFO - Loaded 503 messages from modernshoppingcenter
2025-06-23 20:40:14,478 - data_unifier - INFO - Loaded 22 messages from nevacomputer
2025-06-23 20:40:14,488 - data_unifier - INFO - Loaded 125 messages from qnashcom
2025-06-23 20:40:14,494 - data_unifier - INFO - Loaded 63 messages from Shewabrand
2025-06-23 20:40:14,519 - data_unifier - INFO - Loaded 422 messages from ZemenExpress
2025-06-23 20:40:14,551 - data_unifier - INFO - Combined dataset contains 2902 total messages
2025-06-23 20:40:15,838 - data_unifier - INFO - After preprocessing: 1403 messages remain
2025-06-23 20:40:16,246 - data_unifier - INFO - Processed data saved to data\processed
2025-06-23 20:40:35,789 - task1_notebook - INFO - Starting data unification and preprocessing
2025-06-23 20:40:35,800 - data_unifier - INFO - Loaded 66 messages from @marakisat2
2025-06-23 20:40:35,807 - data_unifier - INFO - Loaded 14 messages from aradabrand2
2025-06-23 20:40:35,827 - data_unifier - INFO - Loaded 590 messages from AwasMart
2025-06-23 20:40:35,830 - data_unifier - INFO - Loaded 55 messages from belaclassic
2025-06-23 20:40:35,837 - data_unifier - INFO - Loaded 65 messages from classybrands
2025-06-23 20:40:35,841 - data_unifier - INFO - Loaded 57 messages from ethio_brand_collection
2025-06-23 20:40:35,845 - data_unifier - INFO - Loaded 35 messages from Fashiontera
2025-06-23 20:40:35,852 - data_unifier - INFO - Loaded 273 messages from forfreemarket
2025-06-23 20:40:35,855 - data_unifier - INFO - Loaded 31 messages from gebeyaadama
2025-06-23 20:40:35,858 - data_unifier - INFO - Loaded 12 messages from helloomarketethiopia
2025-06-23 20:40:35,862 - data_unifier - INFO - Loaded 8 messages from kuruwear
2025-06-23 20:40:35,876 - data_unifier - INFO - Loaded 366 messages from Leyueqa
2025-06-23 20:40:35,883 - data_unifier - INFO - Loaded 146 messages from marakibrand
2025-06-23 20:40:35,891 - data_unifier - INFO - Loaded 49 messages from meneshayeofficial
2025-06-23 20:40:35,920 - data_unifier - INFO - Loaded 503 messages from modernshoppingcenter
2025-06-23 20:40:35,927 - data_unifier - INFO - Loaded 22 messages from nevacomputer
2025-06-23 20:40:35,937 - data_unifier - INFO - Loaded 125 messages from qnashcom
2025-06-23 20:40:35,943 - data_unifier - INFO - Loaded 63 messages from Shewabrand
2025-06-23 20:40:35,960 - data_unifier - INFO - Loaded 422 messages from ZemenExpress
2025-06-23 20:40:35,998 - data_unifier - INFO - Combined dataset contains 2902 total messages
2025-06-23 20:40:37,347 - data_unifier - INFO - After preprocessing: 1403 messages remain
2025-06-23 20:40:37,754 - data_unifier - INFO - Processed data saved to data\processed
2025-06-23 20:45:12,484 - task1_notebook - INFO - Starting data unification and preprocessing
2025-06-23 20:45:12,492 - data_unifier - INFO - Loaded 66 messages from @marakisat2
2025-06-23 20:45:12,496 - data_unifier - INFO - Loaded 14 messages from aradabrand2
2025-06-23 20:45:12,513 - data_unifier - INFO - Loaded 590 messages from AwasMart
2025-06-23 20:45:12,518 - data_unifier - INFO - Loaded 55 messages from belaclassic
2025-06-23 20:45:12,522 - data_unifier - INFO - Loaded 65 messages from classybrands
2025-06-23 20:45:12,525 - data_unifier - INFO - Loaded 57 messages from ethio_brand_collection
2025-06-23 20:45:12,532 - data_unifier - INFO - Loaded 35 messages from Fashiontera
2025-06-23 20:45:12,544 - data_unifier - INFO - Loaded 273 messages from forfreemarket
2025-06-23 20:45:12,549 - data_unifier - INFO - Loaded 31 messages from gebeyaadama
2025-06-23 20:45:12,552 - data_unifier - INFO - Loaded 12 messages from helloomarketethiopia
2025-06-23 20:45:12,558 - data_unifier - INFO - Loaded 8 messages from kuruwear
2025-06-23 20:45:12,580 - data_unifier - INFO - Loaded 366 messages from Leyueqa
2025-06-23 20:45:12,589 - data_unifier - INFO - Loaded 146 messages from marakibrand
2025-06-23 20:45:12,597 - data_unifier - INFO - Loaded 49 messages from meneshayeofficial
2025-06-23 20:45:12,622 - data_unifier - INFO - Loaded 503 messages from modernshoppingcenter
2025-06-23 20:45:12,627 - data_unifier - INFO - Loaded 22 messages from nevacomputer
2025-06-23 20:45:12,636 - data_unifier - INFO - Loaded 125 messages from qnashcom
2025-06-23 20:45:12,645 - data_unifier - INFO - Loaded 63 messages from Shewabrand
2025-06-23 20:45:12,664 - data_unifier - INFO - Loaded 422 messages from ZemenExpress
2025-06-23 20:45:12,713 - data_unifier - INFO - Combined dataset contains 2902 total messages
2025-06-23 20:45:14,408 - data_unifier - INFO - After preprocessing: 1403 messages remain
2025-06-23 20:45:14,863 - data_unifier - INFO - Processed data saved to data\processed
2025-06-23 20:45:32,981 - task1_notebook - INFO - Starting data unification and preprocessing
2025-06-23 20:45:32,993 - data_unifier - INFO - Loaded 66 messages from @marakisat2
2025-06-23 20:45:32,996 - data_unifier - INFO - Loaded 14 messages from aradabrand2
2025-06-23 20:45:33,012 - data_unifier - INFO - Loaded 590 messages from AwasMart
2025-06-23 20:45:33,019 - data_unifier - INFO - Loaded 55 messages from belaclassic
2025-06-23 20:45:33,024 - data_unifier - INFO - Loaded 65 messages from classybrands
2025-06-23 20:45:33,029 - data_unifier - INFO - Loaded 57 messages from ethio_brand_collection
2025-06-23 20:45:33,034 - data_unifier - INFO - Loaded 35 messages from Fashiontera
2025-06-23 20:45:33,045 - data_unifier - INFO - Loaded 273 messages from forfreemarket
2025-06-23 20:45:33,051 - data_unifier - INFO - Loaded 31 messages from gebeyaadama
2025-06-23 20:45:33,057 - data_unifier - INFO - Loaded 12 messages from helloomarketethiopia
2025-06-23 20:45:33,061 - data_unifier - INFO - Loaded 8 messages from kuruwear
2025-06-23 20:45:33,075 - data_unifier - INFO - Loaded 366 messages from Leyueqa
2025-06-23 20:45:33,084 - data_unifier - INFO - Loaded 146 messages from marakibrand
2025-06-23 20:45:33,091 - data_unifier - INFO - Loaded 49 messages from meneshayeofficial
2025-06-23 20:45:33,124 - data_unifier - INFO - Loaded 503 messages from modernshoppingcenter
2025-06-23 20:45:33,129 - data_unifier - INFO - Loaded 22 messages from nevacomputer
2025-06-23 20:45:33,138 - data_unifier - INFO - Loaded 125 messages from qnashcom
2025-06-23 20:45:33,144 - data_unifier - INFO - Loaded 63 messages from Shewabrand
2025-06-23 20:45:33,161 - data_unifier - INFO - Loaded 422 messages from ZemenExpress
2025-06-23 20:45:33,221 - data_unifier - INFO - Combined dataset contains 2902 total messages
2025-06-23 20:45:34,972 - data_unifier - INFO - After preprocessing: 1403 messages remain
2025-06-23 20:45:35,611 - data_unifier - INFO - Processed data saved to data\processed
